make all --print-data-base --no-builtin-variables --no-builtin-rules --question
# GNU Make 3.81
# Copyright (C) 2006  Free Software Foundation, Inc.
# This is free software; see the source for copying conditions.
# There is NO warranty; not even for MERCHANTABILITY or FITNESS FOR A
# PARTICULAR PURPOSE.

# This program built for i386-apple-darwin11.3.0
 

# Make data base, printed on Mon May 23 18:35:34 2022

# Variables

# automatic
<D = $(patsubst %/,%,$(dir $<))
# automatic
?F = $(notdir $?)
# environment
VSCODE_LOG_NATIVE = false
# automatic
?D = $(patsubst %/,%,$(dir $?))
# automatic
@D = $(patsubst %/,%,$(dir $@))
# automatic
@F = $(notdir $@)
# makefile
CURDIR := /Users/momayaz/Desktop/1337-cursus/lvl_3/minishell
# makefile
SHELL = /bin/sh
# environment
VSCODE_NLS_CONFIG = {"locale":"en-us","availableLanguages":{},"_languagePackSupport":true}
# environment
_ = /usr/bin/make
# makefile (from `Makefile', line 45)
CFLAGS = -Wall -Wextra -Werror -L$(shell brew --prefix readline)/lib -I$(shell brew --prefix readline)/include  -lreadline
# makefile (from `Makefile', line 1)
MAKEFILE_LIST :=  Makefile
# makefile (from `Makefile', line 13)
SRCM = src/utils1.c src/utils2.c src/utils3.c src/utils4.c src/utils5.c src/split.c src/garbage1.c src/garbage2.c src/garbage3.c src/check_syntax1.c src/check_syntax2.c src/env_fct1.c src/env_fct2.c src/parsing1.c src/parsing2.c src/parsing3.c src/files1.c src/files2.c src/split_echo.c src/wildcard.c src/double_join.c src/built_ins1.c src/built_ins2.c src/ft_exec1.c src/ft_exec2.c src/signals.c minishell.c
# environment
VSCODE_VERBOSE_LOGGING = true
# environment
VSCODE_IPC_HOOK_EXTHOST = /var/folders/zz/zyxvpxvq6csfxvn_n000cbx80032z_/T/vscode-ipc-cfdbaff5-cc4b-4a98-a6c9-d40dcf05db99.sock
# environment
VSCODE_CWD = /
# environment
Apple_PubSub_Socket_Render = /private/tmp/com.apple.launchd.Vkhdt1v0zX/Render
# environment
PATH = /Users/momayaz/.brew/bin:/Library/Frameworks/Python.framework/Versions/3.9/bin:/usr/local/bin:/usr/bin:/bin:/usr/sbin:/sbin:/usr/local/munki:/Library/Frameworks/Mono.framework/Versions/Current/Commands
# environment
LSCOLORS = Gxfxcxdxbxegedabagacad
# environment
VSCODE_LOG_STACK = false
# environment
ELECTRON_RUN_AS_NODE = 1
# default
.FEATURES := target-specific order-only second-expansion else-if archives jobserver check-symlink
# environment
SSH_AUTH_SOCK = /private/tmp/com.apple.launchd.K0cz4LOfaJ/Listeners
# automatic
%F = $(notdir $%)
# environment
HOMEBREW_TEMP = /tmp/momayaz/Homebrew/Temp
# environment
VSCODE_PIPE_LOGGING = true
# environment
PWD = /Users/momayaz/Desktop/1337-cursus/lvl_3/minishell
# environment
ORIGINAL_XDG_CURRENT_DESKTOP = undefined
# environment
VSCODE_AMD_ENTRYPOINT = vs/workbench/api/node/extensionHostProcess
# environment
HOME = /Users/momayaz
# default
MAKEFILEPATH = $(shell /usr/bin/xcode-select -print-path 2>/dev/null || echo /Developer)/Makefiles
# environment
VSCODE_CODE_CACHE_PATH = /Users/momayaz/Library/Application Support/Code/CachedData/57fd6d0195bb9b9d1b49f6da5db789060795de47
# environment
LOGNAME = momayaz
# environment
APPLICATION_INSIGHTS_NO_DIAGNOSTIC_CHANNEL = 1
# environment
ZSH = /Users/momayaz/.oh-my-zsh
# environment
VSCODE_HANDLES_UNCAUGHT_ERRORS = true
# automatic
^D = $(patsubst %/,%,$(dir $^))
# environment
XPC_FLAGS = 0x0
# default
MAKE = $(MAKE_COMMAND)
# default
MAKECMDGOALS := all
# environment
HOMEBREW_CACHE = /tmp/momayaz/Homebrew/Caches
# environment
SHLVL = 1
# default
MAKE_VERSION := 3.81
# environment
USER = momayaz
# makefile
.DEFAULT_GOAL := all
# makefile (from `Makefile', line 43)
NAME = minishell
# environment
LESS = -R
# automatic
%D = $(patsubst %/,%,$(dir $%))
# default
MAKE_COMMAND := /Library/Developer/CommandLineTools/usr/bin/make
# default
.VARIABLES := 
# environment
TMPDIR = /var/folders/zz/zyxvpxvq6csfxvn_n000cbx80032z_/T/
# automatic
*F = $(notdir $*)
# environment
VSCODE_IPC_HOOK = /Users/momayaz/Library/Application Support/Code/1.67.0-main.sock
# makefile
MAKEFLAGS = Rrqp
# environment
MFLAGS = -Rrqp
# automatic
*D = $(patsubst %/,%,$(dir $*))
# environment
NVM_DIR = /Users/momayaz/.nvm
# environment
XPC_SERVICE_NAME = com.apple.xpc.launchd.oneshot.0x10000003.Electron
# automatic
+D = $(patsubst %/,%,$(dir $+))
# automatic
+F = $(notdir $+)
# environment
__CF_USER_TEXT_ENCODING = 0x18BEA:0:0
# environment
COMMAND_MODE = unix2003
# default
MAKEFILES := 
# automatic
<F = $(notdir $<)
# environment
PAGER = less
# environment
LC_ALL = C
# environment
SECURITYSESSIONID = 186a8
# automatic
^F = $(notdir $^)
# default
SUFFIXES := 
# default
.INCLUDE_DIRS = /usr/local/include
# environment
MAKELEVEL := 0
# environment
LANG = C
# environment
VSCODE_PID = 1714
# variable set hash-table stats:
# Load=73/1024=7%, Rehash=0, Collisions=4/110=4%

# Pattern-specific Variable Values

# No pattern-specific variable values.

# Directories

# . (device 16777227, inode 1497624): 7 files, no impossibilities.

# 7 files, no impossibilities in 1 directories.

# Implicit Rules

# No implicit rules.

# Files

# Not a target:
src/garbage3.c:
#  Implicit rule search has been done.
#  Last modified 2022-05-12 13:09:37
#  File has been updated.
#  Successfully updated.
# variable set hash-table stats:
# Load=0/32=0%, Rehash=0, Collisions=0/0=0%

# Not a target:
src/built_ins2.c:
#  Implicit rule search has been done.
#  Last modified 2022-05-12 13:09:37
#  File has been updated.
#  Successfully updated.
# variable set hash-table stats:
# Load=0/32=0%, Rehash=0, Collisions=0/0=0%

all: minishell
#  Command-line target.
#  Implicit rule search has been done.
#  File does not exist.
#  File has been updated.
#  Needs to be updated (-q is set).
# variable set hash-table stats:
# Load=0/32=0%, Rehash=0, Collisions=0/10=0%

# Not a target:
src/files1.c:
#  Implicit rule search has been done.
#  Last modified 2022-05-12 13:09:37
#  File has been updated.
#  Successfully updated.
# variable set hash-table stats:
# Load=0/32=0%, Rehash=0, Collisions=0/0=0%

# Not a target:
src/utils1.c:
#  Implicit rule search has been done.
#  Last modified 2022-05-12 13:09:37
#  File has been updated.
#  Successfully updated.
# variable set hash-table stats:
# Load=0/32=0%, Rehash=0, Collisions=0/0=0%

# Not a target:
.SUFFIXES:
#  Implicit rule search has not been done.
#  Modification time never checked.
#  File has not been updated.

# Not a target:
src/ft_exec1.c:
#  Implicit rule search has been done.
#  Last modified 2022-05-12 13:09:37
#  File has been updated.
#  Successfully updated.
# variable set hash-table stats:
# Load=0/32=0%, Rehash=0, Collisions=0/0=0%

# Not a target:
Makefile:
#  Implicit rule search has been done.
#  Last modified 2022-05-12 13:09:37
#  File has been updated.
#  Successfully updated.
# variable set hash-table stats:
# Load=0/32=0%, Rehash=0, Collisions=0/0=0%

# Not a target:
src/double_join.c:
#  Implicit rule search has been done.
#  Last modified 2022-05-12 13:09:37
#  File has been updated.
#  Successfully updated.
# variable set hash-table stats:
# Load=0/32=0%, Rehash=0, Collisions=0/0=0%

# Not a target:
src/files2.c:
#  Implicit rule search has been done.
#  Last modified 2022-05-12 13:09:37
#  File has been updated.
#  Successfully updated.
# variable set hash-table stats:
# Load=0/32=0%, Rehash=0, Collisions=0/0=0%

# Not a target:
src/parsing3.c:
#  Implicit rule search has been done.
#  Last modified 2022-05-12 13:09:37
#  File has been updated.
#  Successfully updated.
# variable set hash-table stats:
# Load=0/32=0%, Rehash=0, Collisions=0/0=0%

# Not a target:
src/utils2.c:
#  Implicit rule search has been done.
#  Last modified 2022-05-12 13:09:37
#  File has been updated.
#  Successfully updated.
# variable set hash-table stats:
# Load=0/32=0%, Rehash=0, Collisions=0/0=0%

# Not a target:
src/split_echo.c:
#  Implicit rule search has been done.
#  Last modified 2022-05-12 13:09:37
#  File has been updated.
#  Successfully updated.
# variable set hash-table stats:
# Load=0/32=0%, Rehash=0, Collisions=0/0=0%

minishell: src/utils1.c src/utils2.c src/utils3.c src/utils4.c src/utils5.c src/split.c src/garbage1.c src/garbage2.c src/garbage3.c src/check_syntax1.c src/check_syntax2.c src/env_fct1.c src/env_fct2.c src/parsing1.c src/parsing2.c src/parsing3.c src/files1.c src/files2.c src/split_echo.c src/wildcard.c src/double_join.c src/built_ins1.c src/built_ins2.c src/ft_exec1.c src/ft_exec2.c src/signals.c minishell.c minishell.h
#  Implicit rule search has not been done.
#  Implicit/static pattern stem: `'
#  File does not exist.
 
#  File has been updated.
#  Needs to be updated (-q is set).
# automatic
# @ := minishell
# automatic
# % := 
# automatic
# * := 
# automatic
# + := src/utils1.c src/utils2.c src/utils3.c src/utils4.c src/utils5.c src/split.c src/garbage1.c src/garbage2.c src/garbage3.c src/check_syntax1.c src/check_syntax2.c src/env_fct1.c src/env_fct2.c src/parsing1.c src/parsing2.c src/parsing3.c src/files1.c src/files2.c src/split_echo.c src/wildcard.c src/double_join.c src/built_ins1.c src/built_ins2.c src/ft_exec1.c src/ft_exec2.c src/signals.c minishell.c minishell.h
# automatic
# | := 
# automatic
# < := src/utils1.c
# automatic
# ^ := src/utils1.c src/utils2.c src/utils3.c src/utils4.c src/utils5.c src/split.c src/garbage1.c src/garbage2.c src/garbage3.c src/check_syntax1.c src/check_syntax2.c src/env_fct1.c src/env_fct2.c src/parsing1.c src/parsing2.c src/parsing3.c src/files1.c src/files2.c src/split_echo.c src/wildcard.c src/double_join.c src/built_ins1.c src/built_ins2.c src/ft_exec1.c src/ft_exec2.c src/signals.c minishell.c minishell.h
# automatic
# ? := src/utils1.c src/utils2.c src/utils3.c src/utils4.c src/utils5.c src/split.c src/garbage1.c src/garbage2.c src/garbage3.c src/check_syntax1.c src/check_syntax2.c src/env_fct1.c src/env_fct2.c src/parsing1.c src/parsing2.c src/parsing3.c src/files1.c src/files2.c src/split_echo.c src/wildcard.c src/double_join.c src/built_ins1.c src/built_ins2.c src/ft_exec1.c src/ft_exec2.c src/signals.c minishell.c minishell.h
# variable set hash-table stats:
# Load=8/32=25%, Rehash=0, Collisions=1/18=6%
#  commands to execute (from `Makefile', line 50):
	$(CC) $(CFLAGS)  $(SRCM) -o $(NAME)
	

# Not a target:
src/garbage1.c:
#  Implicit rule search has been done.
#  Last modified 2022-05-12 13:09:37
#  File has been updated.
#  Successfully updated.
# variable set hash-table stats:
# Load=0/32=0%, Rehash=0, Collisions=0/0=0%

bonus: all
#  Implicit rule search has not been done.
#  Modification time never checked.
#  File has not been updated.

# Not a target:
src/ft_exec2.c:
#  Implicit rule search has been done.
#  Last modified 2022-05-12 13:09:37
#  File has been updated.
#  Successfully updated.
# variable set hash-table stats:
# Load=0/32=0%, Rehash=0, Collisions=0/0=0%

fclean: clean
#  Implicit rule search has not been done.
#  Modification time never checked.
#  File has not been updated.

# Not a target:
src/utils5.c:
#  Implicit rule search has been done.
#  Last modified 2022-05-12 13:09:37
#  File has been updated.
#  Successfully updated.
# variable set hash-table stats:
# Load=0/32=0%, Rehash=0, Collisions=0/0=0%

# Not a target:
.DEFAULT:
#  Implicit rule search has not been done.
#  Modification time never checked.
#  File has not been updated.

# Not a target:
src/check_syntax1.c:
#  Implicit rule search has been done.
#  Last modified 2022-05-12 13:09:37
#  File has been updated.
#  Successfully updated.
# variable set hash-table stats:
# Load=0/32=0%, Rehash=0, Collisions=0/0=0%

# Not a target:
src/garbage2.c:
#  Implicit rule search has been done.
#  Last modified 2022-05-12 13:09:37
#  File has been updated.
#  Successfully updated.
# variable set hash-table stats:
# Load=0/32=0%, Rehash=0, Collisions=0/0=0%

# Not a target:
src/env_fct1.c:
#  Implicit rule search has been done.
#  Last modified 2022-05-12 13:09:37
#  File has been updated.
#  Successfully updated.
# variable set hash-table stats:
# Load=0/32=0%, Rehash=0, Collisions=0/0=0%

re: fclean all
#  Implicit rule search has not been done.
#  Modification time never checked.
#  File has not been updated.

clean:
#  Implicit rule search has not been done.
#  Modification time never checked.
#  File has not been updated.
#  commands to execute (from `Makefile', line 55):
	rm -f $(NAME)
	

# Not a target:
src/utils4.c:
#  Implicit rule search has been done.
#  Last modified 2022-05-12 13:09:37
#  File has been updated.
#  Successfully updated.
# variable set hash-table stats:
# Load=0/32=0%, Rehash=0, Collisions=0/0=0%

# Not a target:
minishell.c:
#  Implicit rule search has been done.
#  Last modified 2022-05-12 13:09:37
#  File has been updated.
#  Successfully updated.
# variable set hash-table stats:
# Load=0/32=0%, Rehash=0, Collisions=0/0=0%

# Not a target:
src/parsing1.c:
#  Implicit rule search has been done.
#  Last modified 2022-05-12 13:09:37
#  File has been updated.
#  Successfully updated.
# variable set hash-table stats:
# Load=0/32=0%, Rehash=0, Collisions=0/0=0%

# Not a target:
src/built_ins1.c:
#  Implicit rule search has been done.
#  Last modified 2022-05-12 13:09:37
#  File has been updated.
#  Successfully updated.
# variable set hash-table stats:
# Load=0/32=0%, Rehash=0, Collisions=0/0=0%

# Not a target:
src/utils3.c:
#  Implicit rule search has been done.
#  Last modified 2022-05-12 13:09:37
#  File has been updated.
#  Successfully updated.
# variable set hash-table stats:
# Load=0/32=0%, Rehash=0, Collisions=0/0=0%

# Not a target:
src/signals.c:
#  Implicit rule search has been done.
#  Last modified 2022-05-12 13:09:37
#  File has been updated.
#  Successfully updated.
# variable set hash-table stats:
# Load=0/32=0%, Rehash=0, Collisions=0/0=0%

# Not a target:
src/check_syntax2.c:
#  Implicit rule search has been done.
#  Last modified 2022-05-12 13:09:37
#  File has been updated.
#  Successfully updated.
# variable set hash-table stats:
# Load=0/32=0%, Rehash=0, Collisions=0/0=0%

# Not a target:
src/env_fct2.c:
#  Implicit rule search has been done.
#  Last modified 2022-05-12 13:09:37
#  File has been updated.
#  Successfully updated.
# variable set hash-table stats:
# Load=0/32=0%, Rehash=0, Collisions=0/0=0%

# Not a target:
src/split.c:
#  Implicit rule search has been done.
#  Last modified 2022-05-12 13:09:37
#  File has been updated.
#  Successfully updated.
# variable set hash-table stats:
# Load=0/32=0%, Rehash=0, Collisions=0/0=0%

# Not a target:
minishell.h:
#  Implicit rule search has been done.
#  Last modified 2022-05-12 13:09:37
#  File has been updated.
#  Successfully updated.
# variable set hash-table stats:
# Load=0/32=0%, Rehash=0, Collisions=0/0=0%

# Not a target:
src/parsing2.c:
#  Implicit rule search has been done.
#  Last modified 2022-05-12 13:09:37
#  File has been updated.
#  Successfully updated.
# variable set hash-table stats:
# Load=0/32=0%, Rehash=0, Collisions=0/0=0%

# Not a target:
src/wildcard.c:
#  Implicit rule search has been done.
#  Last modified 2022-05-12 13:09:37
#  File has been updated.
#  Successfully updated.
# variable set hash-table stats:
# Load=0/32=0%, Rehash=0, Collisions=0/0=0%

# files hash-table stats:
# Load=37/1024=4%, Rehash=0, Collisions=0/84=0%
# VPATH Search Paths

# No `vpath' search paths.

# No general (`VPATH' variable) search path.

# # of strings in strcache: 1
# # of strcache buffers: 1
# strcache size: total = 4096 / max = 4096 / min = 4096 / avg = 4096
# strcache free: total = 4087 / max = 4087 / min = 4087 / avg = 4087

# Finished Make data base on Mon May 23 18:35:34 2022

 
